{"level":"info","message":"Database Connected","timestamp":"2026-06-18T15:00:52.139Z"}
{"level":"info","message":"Server running on port 5000","timestamp":"2026-06-18T15:00:52.148Z"}
{"level":"info","message":"Database Connected","timestamp":"2026-06-18T15:02:20.777Z"}
{"level":"info","message":"Server running on port 5000","timestamp":"2026-06-18T15:02:20.788Z"}
{"level":"info","message":"Database Connected","timestamp":"2026-06-18T15:02:45.681Z"}
{"level":"info","message":"Server running on port 5000","timestamp":"2026-06-18T15:02:45.690Z"}
{"level":"info","message":"Database Connected","timestamp":"2026-06-18T15:03:17.524Z"}
{"level":"info","message":"Server running on port 5000","timestamp":"2026-06-18T15:03:17.536Z"}
{"level":"info","message":"Database Connected","timestamp":"2026-06-18T15:05:15.298Z"}
{"level":"info","message":"Server running on port 5000","timestamp":"2026-06-18T15:05:15.314Z"}
{"level":"info","message":"Database Connected","timestamp":"2026-06-18T15:06:31.451Z"}
{"level":"info","message":"Server running on port 5000","timestamp":"2026-06-18T15:06:31.463Z"}
{"level":"info","message":"Database Connected","timestamp":"2026-06-18T15:07:40.757Z"}
{"level":"info","message":"Server running on port 5000","timestamp":"2026-06-18T15:07:40.768Z"}
{"level":"info","message":"Database Connected","timestamp":"2026-06-18T15:12:19.407Z"}
{"level":"info","message":"Server running on port 5000","timestamp":"2026-06-18T15:12:19.423Z"}
{"level":"info","message":"Database Connected","timestamp":"2026-06-18T15:12:50.751Z"}
{"level":"info","message":"Server running on port 5000","timestamp":"2026-06-18T15:12:50.764Z"}
{"level":"info","message":"Database Connected","timestamp":"2026-06-18T15:13:35.576Z"}
{"level":"info","message":"Server running on port 5000","timestamp":"2026-06-18T15:13:35.583Z"}
{"level":"info","message":"User logged in: Amma@gmail.com","timestamp":"2026-06-18T15:14:44.104Z"}
{"level":"info","message":"Database Connected","timestamp":"2026-06-18T15:17:48.219Z"}
{"level":"info","message":"Server running on port 5000","timestamp":"2026-06-18T15:17:48.230Z"}
{"level":"info","message":"User logged in: Amma@gmail.com","timestamp":"2026-06-18T15:17:55.469Z"}
{"level":"info","message":"Database Connected","timestamp":"2026-06-18T15:20:14.995Z"}
{"level":"info","message":"Server running on port 5000","timestamp":"2026-06-18T15:20:15.007Z"}
{"level":"info","message":{"ip":"::ffff:127.0.0.1","method":"POST","url":"/api/auth/login"},"timestamp":"2026-06-18T15:20:19.746Z"}
{"level":"info","message":"User logged in: Amma@gmail.com","timestamp":"2026-06-18T15:20:19.966Z"}
{"level":"info","message":"Database Connected","timestamp":"2026-06-18T15:32:38.660Z"}
{"level":"info","message":"Server running on port 5000","timestamp":"2026-06-18T15:32:38.670Z"}
{"level":"info","message":"Database Connected","timestamp":"2026-06-18T15:32:45.539Z"}
{"level":"info","message":"Server running on port 5000","timestamp":"2026-06-18T15:32:45.548Z"}
{"level":"info","message":"Database Connected","timestamp":"2026-06-18T15:33:43.811Z"}
{"level":"info","message":"Server running on port 5000","timestamp":"2026-06-18T15:33:43.819Z"}
{"level":"info","message":"Database Connected","timestamp":"2026-06-18T15:37:27.098Z"}
{"level":"info","message":"Server running on port 5000","timestamp":"2026-06-18T15:37:27.107Z"}
{"level":"info","message":"Database Connected","timestamp":"2026-06-18T15:38:30.715Z"}
{"level":"info","message":"Server running on port 5000","timestamp":"2026-06-18T15:38:30.728Z"}
{"level":"info","message":{"ip":"::1","method":"GET","url":"/api-docs/"},"timestamp":"2026-06-18T15:38:33.130Z"}
{"level":"info","message":{"ip":"::1","method":"GET","url":"/api-docs/swagger-ui.css"},"timestamp":"2026-06-18T15:38:33.183Z"}
{"level":"info","message":{"ip":"::1","method":"GET","url":"/api-docs/swagger-ui-bundle.js"},"timestamp":"2026-06-18T15:38:33.200Z"}
{"level":"info","message":{"ip":"::1","method":"GET","url":"/api-docs/swagger-ui-standalone-preset.js"},"timestamp":"2026-06-18T15:38:33.204Z"}
{"level":"info","message":{"ip":"::1","method":"GET","url":"/api-docs/swagger-ui-init.js"},"timestamp":"2026-06-18T15:38:33.206Z"}
{"level":"info","message":{"ip":"::1","method":"GET","url":"/api-docs/favicon-32x32.png"},"timestamp":"2026-06-18T15:38:33.972Z"}
{"level":"info","message":"Database Connected","timestamp":"2026-06-18T15:44:09.249Z"}
{"level":"info","message":"Server running on port 5000","timestamp":"2026-06-18T15:44:09.256Z"}
{"level":"info","message":"Database Connected","timestamp":"2026-06-18T15:44:28.708Z"}
{"level":"info","message":"Server running on port 5000","timestamp":"2026-06-18T15:44:28.715Z"}
{"level":"info","message":"Database Connected","timestamp":"2026-06-18T15:51:04.307Z"}
{"level":"info","message":"Server running on port 5000","timestamp":"2026-06-18T15:51:04.317Z"}
{"level":"info","message":"Database Connected","timestamp":"2026-06-18T15:51:46.233Z"}
{"level":"info","message":"Server running on port 5000","timestamp":"2026-06-18T15:51:46.246Z"}
{"level":"info","message":"Database Connected","timestamp":"2026-06-18T15:53:25.298Z"}
{"level":"info","message":"Server running on port 5000","timestamp":"2026-06-18T15:53:25.307Z"}
{"level":"info","message":"Database Connected","timestamp":"2026-06-18T15:53:57.236Z"}
{"level":"info","message":"Server running on port 5000","timestamp":"2026-06-18T15:53:57.246Z"}
{"level":"info","message":{"ip":"::1","method":"GET","url":"/api-docs/"},"timestamp":"2026-06-18T15:53:58.346Z"}
{"level":"info","message":{"ip":"::1","method":"GET","url":"/api-docs/swagger-ui.css"},"timestamp":"2026-06-18T15:53:58.392Z"}
{"level":"info","message":{"ip":"::1","method":"GET","url":"/api-docs/swagger-ui-bundle.js"},"timestamp":"2026-06-18T15:53:58.403Z"}
{"level":"info","message":{"ip":"::1","method":"GET","url":"/api-docs/swagger-ui-standalone-preset.js"},"timestamp":"2026-06-18T15:53:58.405Z"}
{"level":"info","message":{"ip":"::1","method":"GET","url":"/api-docs/swagger-ui-init.js"},"timestamp":"2026-06-18T15:53:58.407Z"}
{"level":"info","message":{"ip":"::1","method":"GET","url":"/api-docs/favicon-32x32.png"},"timestamp":"2026-06-18T15:53:59.912Z"}
